This is pdfTeX, Version 3.14159265-2.6-1.40.20 (TeX Live 2019/Debian) (preloaded format=pdflatex 2019.10.18)  18 APR 2020 22:53
entering extended mode
 restricted \write18 enabled.
 %&-line parsing enabled.
**etiopatogenia.tex
(./etiopatogenia.tex
LaTeX2e <2018-12-01>
(/usr/share/texlive/texmf-dist/tex/latex/base/book.cls
Document Class: book 2018/09/03 v1.4i Standard LaTeX document class
(/usr/share/texlive/texmf-dist/tex/latex/base/bk12.clo
File: bk12.clo 2018/09/03 v1.4i Standard LaTeX file (size option)
)
\c@part=\count80
\c@chapter=\count81
\c@section=\count82
\c@subsection=\count83
\c@subsubsection=\count84
\c@paragraph=\count85
\c@subparagraph=\count86
\c@figure=\count87
\c@table=\count88
\abovecaptionskip=\skip41
\belowcaptionskip=\skip42
\bibindent=\dimen102
)
(/usr/share/texlive/texmf-dist/tex/latex/base/inputenc.sty
Package: inputenc 2018/08/11 v1.3c Input encoding file
\inpenc@prehook=\toks14
\inpenc@posthook=\toks15

(/usr/share/texlive/texmf-dist/tex/latex/ucs/utf8x.def
File: utf8x.def 2004/10/17 UCS: Input encoding UTF-8
))
(/usr/share/texlive/texmf-dist/tex/latex/ucs/ucs.sty
Package: ucs 2013/05/11 v2.2 UCS: Unicode input support

(/usr/share/texlive/texmf-dist/tex/latex/ucs/data/uni-global.def
File: uni-global.def 2013/05/13 UCS: Unicode global data
)
\uc@secondtry=\count89
\uc@combtoks=\toks16
\uc@combtoksb=\toks17
\uc@temptokena=\toks18
)
(/usr/share/texlive/texmf-dist/tex/latex/graphics/graphicx.sty
Package: graphicx 2017/06/01 v1.1a Enhanced LaTeX Graphics (DPC,SPQR)

(/usr/share/texlive/texmf-dist/tex/latex/graphics/keyval.sty
Package: keyval 2014/10/28 v1.15 key=value parser (DPC)
\KV@toks@=\toks19
)
(/usr/share/texlive/texmf-dist/tex/latex/graphics/graphics.sty
Package: graphics 2017/06/25 v1.2c Standard LaTeX Graphics (DPC,SPQR)

(/usr/share/texlive/texmf-dist/tex/latex/graphics/trig.sty
Package: trig 2016/01/03 v1.10 sin cos tan (DPC)
)
(/usr/share/texlive/texmf-dist/tex/latex/graphics-cfg/graphics.cfg
File: graphics.cfg 2016/06/04 v1.11 sample graphics configuration
)
Package graphics Info: Driver file: pdftex.def on input line 99.

(/usr/share/texlive/texmf-dist/tex/latex/graphics-def/pdftex.def
File: pdftex.def 2018/01/08 v1.0l Graphics/color driver for pdftex
))
\Gin@req@height=\dimen103
\Gin@req@width=\dimen104
)
(/usr/share/texlive/texmf-dist/tex/latex/hyperref/hyperref.sty
Package: hyperref 2018/11/30 v6.88e Hypertext links for LaTeX

(/usr/share/texlive/texmf-dist/tex/generic/oberdiek/hobsub-hyperref.sty
Package: hobsub-hyperref 2016/05/16 v1.14 Bundle oberdiek, subset hyperref (HO)


(/usr/share/texlive/texmf-dist/tex/generic/oberdiek/hobsub-generic.sty
Package: hobsub-generic 2016/05/16 v1.14 Bundle oberdiek, subset generic (HO)
Package: hobsub 2016/05/16 v1.14 Construct package bundles (HO)
Package: infwarerr 2016/05/16 v1.4 Providing info/warning/error messages (HO)
Package: ltxcmds 2016/05/16 v1.23 LaTeX kernel commands for general use (HO)
Package: ifluatex 2016/05/16 v1.4 Provides the ifluatex switch (HO)
Package ifluatex Info: LuaTeX not detected.
Package: ifvtex 2016/05/16 v1.6 Detect VTeX and its facilities (HO)
Package ifvtex Info: VTeX not detected.
Package: intcalc 2016/05/16 v1.2 Expandable calculations with integers (HO)
Package: ifpdf 2018/09/07 v3.3 Provides the ifpdf switch
Package: etexcmds 2016/05/16 v1.6 Avoid name clashes with e-TeX commands (HO)
Package: kvsetkeys 2016/05/16 v1.17 Key value parser (HO)
Package: kvdefinekeys 2016/05/16 v1.4 Define keys (HO)
Package: pdftexcmds 2018/09/10 v0.29 Utility functions of pdfTeX for LuaTeX (HO
)
Package pdftexcmds Info: LuaTeX not detected.
Package pdftexcmds Info: \pdf@primitive is available.
Package pdftexcmds Info: \pdf@ifprimitive is available.
Package pdftexcmds Info: \pdfdraftmode found.
Package: pdfescape 2016/05/16 v1.14 Implements pdfTeX's escape features (HO)
Package: bigintcalc 2016/05/16 v1.4 Expandable calculations on big integers (HO
)
Package: bitset 2016/05/16 v1.2 Handle bit-vector datatype (HO)
Package: uniquecounter 2016/05/16 v1.3 Provide unlimited unique counter (HO)
)
Package hobsub Info: Skipping package `hobsub' (already loaded).
Package: letltxmacro 2016/05/16 v1.5 Let assignment for LaTeX macros (HO)
Package: hopatch 2016/05/16 v1.3 Wrapper for package hooks (HO)
Package: xcolor-patch 2016/05/16 xcolor patch
Package: atveryend 2016/05/16 v1.9 Hooks at the very end of document (HO)
Package atveryend Info: \enddocument detected (standard20110627).
Package: atbegshi 2016/06/09 v1.18 At begin shipout hook (HO)
Package: refcount 2016/05/16 v3.5 Data extraction from label references (HO)
Package: hycolor 2016/05/16 v1.8 Color options for hyperref/bookmark (HO)
)
(/usr/share/texlive/texmf-dist/tex/generic/ifxetex/ifxetex.sty
Package: ifxetex 2010/09/12 v0.6 Provides ifxetex conditional
)
(/usr/share/texlive/texmf-dist/tex/latex/oberdiek/auxhook.sty
Package: auxhook 2016/05/16 v1.4 Hooks for auxiliary files (HO)
)
(/usr/share/texlive/texmf-dist/tex/latex/oberdiek/kvoptions.sty
Package: kvoptions 2016/05/16 v3.12 Key value format for package options (HO)
)
\@linkdim=\dimen105
\Hy@linkcounter=\count90
\Hy@pagecounter=\count91

(/usr/share/texlive/texmf-dist/tex/latex/hyperref/pd1enc.def
File: pd1enc.def 2018/11/30 v6.88e Hyperref: PDFDocEncoding definition (HO)
)
\Hy@SavedSpaceFactor=\count92

(/usr/share/texlive/texmf-dist/tex/latex/latexconfig/hyperref.cfg
File: hyperref.cfg 2002/06/06 v1.2 hyperref configuration of TeXLive
)
Package hyperref Info: Option `bookmarks' set `true' on input line 4393.
Package hyperref Info: Option `colorlinks' set `true' on input line 4393.
Package hyperref Info: Hyper figures OFF on input line 4519.
Package hyperref Info: Link nesting OFF on input line 4524.
Package hyperref Info: Hyper index ON on input line 4527.
Package hyperref Info: Plain pages OFF on input line 4534.
Package hyperref Info: Backreferencing OFF on input line 4539.
Package hyperref Info: Implicit mode ON; LaTeX internals redefined.
Package hyperref Info: Bookmarks ON on input line 4772.
\c@Hy@tempcnt=\count93

(/usr/share/texlive/texmf-dist/tex/latex/url/url.sty
\Urlmuskip=\muskip10
Package: url 2013/09/16  ver 3.4  Verb mode for urls, etc.
)
LaTeX Info: Redefining \url on input line 5125.
\XeTeXLinkMargin=\dimen106
\Fld@menulength=\count94
\Field@Width=\dimen107
\Fld@charsize=\dimen108
Package hyperref Info: Hyper figures OFF on input line 6380.
Package hyperref Info: Link nesting OFF on input line 6385.
Package hyperref Info: Hyper index ON on input line 6388.
Package hyperref Info: backreferencing OFF on input line 6395.
Package hyperref Info: Link coloring ON on input line 6398.
Package hyperref Info: Link coloring with OCG OFF on input line 6405.
Package hyperref Info: PDF/A mode OFF on input line 6410.
LaTeX Info: Redefining \ref on input line 6450.
LaTeX Info: Redefining \pageref on input line 6454.
\Hy@abspage=\count95
\c@Item=\count96
\c@Hfootnote=\count97
)
Package hyperref Info: Driver: hpdftex.

(/usr/share/texlive/texmf-dist/tex/latex/hyperref/hpdftex.def
File: hpdftex.def 2018/11/30 v6.88e Hyperref driver for pdfTeX
\Fld@listcount=\count98
\c@bookmark@seq@number=\count99

(/usr/share/texlive/texmf-dist/tex/latex/oberdiek/rerunfilecheck.sty
Package: rerunfilecheck 2016/05/16 v1.8 Rerun checks for auxiliary files (HO)
Package uniquecounter Info: New unique counter `rerunfilecheck' on input line 2
82.
)
\Hy@SectionHShift=\skip43
)
(/usr/share/texlive/texmf-dist/tex/latex/tools/indentfirst.sty
Package: indentfirst 1995/11/23 v1.03 Indent first paragraph (DPC)
)
(/usr/share/texlive/texmf-dist/tex/latex/natbib/natbib.sty
Package: natbib 2010/09/13 8.31b (PWD, AO)
\bibhang=\skip44
\bibsep=\skip45
LaTeX Info: Redefining \cite on input line 694.
\c@NAT@ctr=\count100
)
(/usr/share/texlive/texmf-dist/tex/latex/base/makeidx.sty
Package: makeidx 2014/09/29 v1.0m Standard LaTeX package
)
(/usr/share/texlive/texmf-dist/tex/latex/tools/longtable.sty
Package: longtable 2014/10/28 v4.11 Multi-page Table package (DPC)+ FMi change
\LTleft=\skip46
\LTright=\skip47
\LTpre=\skip48
\LTpost=\skip49
\LTchunksize=\count101
\LTcapwidth=\dimen109
\LT@head=\box27
\LT@firsthead=\box28
\LT@foot=\box29
\LT@lastfoot=\box30
\LT@cols=\count102
\LT@rows=\count103
\c@LT@tables=\count104
\c@LT@chunks=\count105
\LT@p@ftn=\toks20
)
(/usr/share/texlive/texmf-dist/tex/latex/multirow/multirow.sty
Package: multirow 2019/05/31 v2.5 Span multiple rows of a table
\multirow@colwidth=\skip50
\multirow@cntb=\count106
\multirow@dima=\skip51
\bigstrutjot=\dimen110
)
(/usr/share/texlive/texmf-dist/tex/generic/babel/babel.sty
Package: babel 2019/06/03 3.32 The Babel package

(/usr/share/texlive/texmf-dist/tex/generic/babel/switch.def
File: switch.def 2019/06/03 3.32 Babel switching mechanism
)
(/usr/share/texlive/texmf-dist/tex/generic/babel-portuges/portuges.ldf
Language: portuges 2008/03/18 v1.2q Portuguese support from the babel system

(/usr/share/texlive/texmf-dist/tex/generic/babel/babel.def
File: babel.def 2019/06/03 3.32 Babel common definitions
\babel@savecnt=\count107
\U@D=\dimen111

(/usr/share/texlive/texmf-dist/tex/generic/babel/txtbabel.def)
\bbl@dirlevel=\count108
)
\l@brazil = a dialect from \language\l@portuges 
Package babel Info: Making " an active character on input line 145.
))
(/usr/share/texlive/texmf-dist/tex/latex/geometry/geometry.sty
Package: geometry 2018/04/16 v5.8 Page Geometry
\Gm@cnth=\count109
\Gm@cntv=\count110
\c@Gm@tempcnt=\count111
\Gm@bindingoffset=\dimen112
\Gm@wd@mp=\dimen113
\Gm@odd@mp=\dimen114
\Gm@even@mp=\dimen115
\Gm@layoutwidth=\dimen116
\Gm@layoutheight=\dimen117
\Gm@layouthoffset=\dimen118
\Gm@layoutvoffset=\dimen119
\Gm@dimlist=\toks21
)
(/usr/share/texmf/tex/latex/tex-gyre/tgschola.sty
Package: tgschola 2009/09/27 v1.2 TeX Gyre Schola as default roman family
)
\@indexfile=\write3
\openout3 = `etiopatogenia.idx'.


Writing index file etiopatogenia.idx
(./etiopatogenia.aux)
\openout1 = `etiopatogenia.aux'.

LaTeX Font Info:    Checking defaults for OML/cmm/m/it on input line 53.
LaTeX Font Info:    ... okay on input line 53.
LaTeX Font Info:    Checking defaults for T1/cmr/m/n on input line 53.
LaTeX Font Info:    ... okay on input line 53.
LaTeX Font Info:    Checking defaults for OT1/cmr/m/n on input line 53.
LaTeX Font Info:    ... okay on input line 53.
LaTeX Font Info:    Checking defaults for OMS/cmsy/m/n on input line 53.
LaTeX Font Info:    ... okay on input line 53.
LaTeX Font Info:    Checking defaults for OMX/cmex/m/n on input line 53.
LaTeX Font Info:    ... okay on input line 53.
LaTeX Font Info:    Checking defaults for U/cmr/m/n on input line 53.
LaTeX Font Info:    ... okay on input line 53.
LaTeX Font Info:    Checking defaults for PD1/pdf/m/n on input line 53.
LaTeX Font Info:    ... okay on input line 53.
LaTeX Font Info:    Try loading font information for OT1+qcs on input line 53.
 (/usr/share/texmf/tex/latex/tex-gyre/ot1qcs.fd
File: ot1qcs.fd 2009/09/25 v1.2 font definition file for OT1/qcs
)
(/usr/share/texlive/texmf-dist/tex/latex/ucs/ucsencs.def
File: ucsencs.def 2011/01/21 Fixes to fontencodings LGR, T3
)
(/usr/share/texlive/texmf-dist/tex/context/base/mkii/supp-pdf.mkii
[Loading MPS to PDF converter (version 2006.09.02).]
\scratchcounter=\count112
\scratchdimen=\dimen120
\scratchbox=\box31
\nofMPsegments=\count113
\nofMParguments=\count114
\everyMPshowfont=\toks22
\MPscratchCnt=\count115
\MPscratchDim=\dimen121
\MPnumerator=\count116
\makeMPintoPDFobject=\count117
\everyMPtoPDFconversion=\toks23
) (/usr/share/texlive/texmf-dist/tex/latex/oberdiek/epstopdf-base.sty
Package: epstopdf-base 2016/05/15 v2.6 Base part for package epstopdf

(/usr/share/texlive/texmf-dist/tex/latex/oberdiek/grfext.sty
Package: grfext 2016/05/16 v1.2 Manage graphics extensions (HO)
)
Package epstopdf-base Info: Redefining graphics rule for `.eps' on input line 4
38.
Package grfext Info: Graphics extension search list:
(grfext)             [.pdf,.png,.jpg,.mps,.jpeg,.jbig2,.jb2,.PDF,.PNG,.JPG,.JPE
G,.JBIG2,.JB2,.eps]
(grfext)             \AppendGraphicsExtensions on input line 456.

(/usr/share/texlive/texmf-dist/tex/latex/latexconfig/epstopdf-sys.cfg
File: epstopdf-sys.cfg 2010/07/13 v1.3 Configuration of (r)epstopdf for TeX Liv
e
))
\AtBeginShipoutBox=\box32

(/usr/share/texlive/texmf-dist/tex/latex/graphics/color.sty
Package: color 2016/07/10 v1.1e Standard LaTeX Color (DPC)

(/usr/share/texlive/texmf-dist/tex/latex/graphics-cfg/color.cfg
File: color.cfg 2016/01/02 v1.6 sample color configuration
)
Package color Info: Driver file: pdftex.def on input line 147.
)
Package hyperref Info: Link coloring ON on input line 53.

(/usr/share/texlive/texmf-dist/tex/latex/hyperref/nameref.sty
Package: nameref 2016/05/21 v2.44 Cross-referencing by name of section

(/usr/share/texlive/texmf-dist/tex/generic/oberdiek/gettitlestring.sty
Package: gettitlestring 2016/05/16 v1.5 Cleanup title references (HO)
)
\c@section@level=\count118
)
LaTeX Info: Redefining \ref on input line 53.
LaTeX Info: Redefining \pageref on input line 53.
LaTeX Info: Redefining \nameref on input line 53.

(./etiopatogenia.out) (./etiopatogenia.out)
\@outlinefile=\write4
\openout4 = `etiopatogenia.out'.


*geometry* driver: auto-detecting
*geometry* detected driver: pdftex
*geometry* verbose mode - [ preamble ] result:
* driver: pdftex
* paper: a4paper
* layout: <same size as paper>
* layoutoffset:(h,v)=(0.0pt,0.0pt)
* modes: 
* h-part:(L,W,R)=(28.45274pt, 540.60239pt, 28.45274pt)
* v-part:(T,H,B)=(56.9055pt, 731.23584pt, 56.9055pt)
* \paperwidth=597.50787pt
* \paperheight=845.04684pt
* \textwidth=540.60239pt
* \textheight=731.23584pt
* \oddsidemargin=-43.81725pt
* \evensidemargin=-43.81725pt
* \topmargin=-47.23828pt
* \headheight=12.0pt
* \headsep=19.8738pt
* \topskip=12.0pt
* \footskip=30.0pt
* \marginparwidth=38.0pt
* \marginparsep=7.0pt
* \columnsep=10.0pt
* \skip\footins=10.8pt plus 4.0pt minus 2.0pt
* \hoffset=0.0pt
* \voffset=0.0pt
* \mag=1000
* \@twocolumnfalse
* \@twosidefalse
* \@mparswitchfalse
* \@reversemarginfalse
* (1in=72.27pt=25.4mm, 1cm=28.453pt)

<pix/coverimg.jpg, id=281, 272.01625pt x 153.57375pt>
File: pix/coverimg.jpg Graphic file (type jpg)
<use pix/coverimg.jpg>
Package pdftex.def Info: pix/coverimg.jpg  used on input line 60.
(pdftex.def)             Requested size: 184.952pt x 241.86351pt.
[1


 <./pix/coverimg.jpg>]
LaTeX Font Info:    External font `cmex10' loaded for size
(Font)              <14.4> on input line 88.
LaTeX Font Info:    External font `cmex10' loaded for size
(Font)              <7> on input line 88.
pdfTeX warning (ext4): destination with the same identifier (name{page.1}) has 
been already used, duplicate ignored
<to be read again> 
                   \relax 
l.88 \thispagestyle
                   {empty} [1

{/var/lib/texmf/fonts/map/pdftex/updmap/pdftex.map}] (./etiopatogenia.toc
(/usr/share/texlive/texmf-dist/tex/latex/ucs/data/uni-0.def
File: uni-0.def 2013/05/13 UCS: Unicode data U+0000..U+00FF
)
LaTeX Font Info:    External font `cmex10' loaded for size
(Font)              <12> on input line 3.
LaTeX Font Info:    External font `cmex10' loaded for size
(Font)              <8> on input line 3.
LaTeX Font Info:    External font `cmex10' loaded for size
(Font)              <6> on input line 3.
pdfTeX warning (ext4): destination with the same identifier (name{page.1}) has 
been already used, duplicate ignored
<to be read again> 
                   \relax 
l.47 ...}sico e por sedentarismo}{15}{section.5.2}
                                                  % [1


])
\tf@toc=\write5
\openout5 = `etiopatogenia.toc'.

 [2]
(./etiopatogenia.lot)
\tf@lot=\write6
\openout6 = `etiopatogenia.lot'.

 [3

]
Cap\'{\i }tulo 1.

Overfull \hbox (3.64133pt too wide) in paragraph at lines 108--109
[]\OT1/qcs/m/n/12 A diferencia[][]ao en-tre s[]^^Pndrome do ex-te-rior e do in-
te-rior []e um m[]etodo para evi-den-ciar a localiza[][]ao
 []

[4

]
Overfull \hbox (0.97368pt too wide) in paragraph at lines 167--170
[]\OT1/qcs/m/n/12 Entre as s[]^^Pndromes dos oito princ[]^^Ppios, ca-lor e frio
 ana-li-sam e di-fe-ren-ciam a na-tu-reza da condi[][]ao
 []

[5]
Underfull \hbox (badness 10000) in paragraph at lines 217--217
\OT1/qcs/m/n/12 pouco con-cen-trada.Fezes
 []


Underfull \hbox (badness 10000) in paragraph at lines 218--220
[]\OT1/qcs/m/n/12 Urina es-cassa e con-cen-
 []


Overfull \hbox (13.36183pt too wide) in paragraph at lines 187--233
 [][] 
 []


Overfull \hbox (41.56015pt too wide) in paragraph at lines 237--237
[]\OT1/qcs/b/n/17.28 Rela[][]oes en-tre as s[]^^Pndromes de Frio/Calor e Ex-te-
rior/Interior 
 []

[6]
Overfull \hbox (10.1544pt too wide) in paragraph at lines 253--255
\OT1/qcs/m/n/12 fer[]encia por be-bi-das frias, in-qui-e-tude, lo-qua-ci-dade, 
urina es-cassa e con-cen-trada (es-cura), constipa[][]ao,
 []

[7]
Underfull \hbox (badness 2229) in paragraph at lines 304--304
[]\OT1/qcs/m/n/12 Melhora com aplica[][]ao de
 []


Underfull \hbox (badness 4467) in paragraph at lines 315--317
[][]\OT1/qcs/m/n/12 Aspera, ama-re-lada, pe-ga-
 []

[8]
Overfull \hbox (11.84929pt too wide) in paragraph at lines 350--352
[]\OT1/qcs/m/n/12 A s[]^^Pndrome de frio por de-fici[]encia tem como ori-gem a 
de-fici[]encia in-te-rior do Yang Qi. Manifesta[][]oes
 []


Overfull \hbox (31.39732pt too wide) in paragraph at lines 354--356
[]\OT1/qcs/m/n/12 A s[]^^Pndrome de ca-lor por de-fici[]encia in-dica uma doen[
]a por de-fici[]encia de Yin no in-te-rior. Manifesta[][]oes
 []

[9]
Cap\'{\i }tulo 2.

Overfull \hbox (3.16237pt too wide) in paragraph at lines 374--376
[]\OT1/qcs/m/n/12 As s[]^^Pndromes com ca-rac-ter[]^^Psticas Yang s[]ao cha-ma-
das s[]^^Pndromes Yang. Es-tas in-cluem a s[]^^Pndrome
 []


Underfull \hbox (badness 3449) in paragraph at lines 397--397
[]\OT1/qcs/m/n/12 Complei[][]ao p[]alida, es-cura
 []


Underfull \hbox (badness 1622) in paragraph at lines 397--397
\OT1/qcs/m/n/12 e sem bri-lho, tend[]encia a
 []


Underfull \hbox (badness 1360) in paragraph at lines 397--397
\OT1/qcs/m/n/12 e p[]alida com re-ves-ti-mento
 []


Underfull \hbox (badness 10000) in paragraph at lines 398--400
[]\OT1/qcs/m/n/12 Rubor fa-cial, fe-bre, pre-
 []


Underfull \hbox (badness 10000) in paragraph at lines 398--400
\OT1/qcs/m/n/12 esp[]^^Pculas e re-ves-ti-mento
 []


Underfull \hbox (badness 5374) in paragraph at lines 402--402
[]\OT1/qcs/m/n/12 Voz baixa e t[]^^Pmida, fala
 []


Underfull \hbox (badness 1590) in paragraph at lines 403--405
[]\OT1/qcs/m/n/12 Voz grossa e rouca, dis-fo-
 []


Underfull \hbox (badness 10000) in paragraph at lines 407--407
\OT1/qcs/m/n/12 do pa-la-dar, aus[]encia de
 []


Underfull \hbox (badness 10000) in paragraph at lines 407--407
\OT1/qcs/m/n/12 sede, pre-fer[]encia por
 []


Underfull \hbox (badness 10000) in paragraph at lines 407--407
\OT1/qcs/m/n/12 l[]^^Pquidos quen-tes, urina
 []


Underfull \hbox (badness 4217) in paragraph at lines 408--410
\OT1/qcs/m/n/12 liar f[]etido, pouco ape-tite,
 []


Underfull \hbox (badness 10000) in paragraph at lines 408--410
\OT1/qcs/m/n/12 boca seca, sede ex-trema
 []


Underfull \hbox (badness 3158) in paragraph at lines 412--412
\OT1/qcs/m/n/12 com press[]ao, sensa[][]ao de
 []


Underfull \hbox (badness 10000) in paragraph at lines 412--412
\OT1/qcs/m/n/12 pulso pro-fundo, fi-li-forme
 []

[10

] [11]
Cap\'{\i }tulo 3.
LaTeX Font Info:    Try loading font information for OMS+qcs on input line 436.

LaTeX Font Info:    No file OMSqcs.fd. on input line 436.

LaTeX Font Warning: Font shape `OMS/qcs/m/n' undefined
(Font)              using `OMS/cmsy/m/n' instead
(Font)              for symbol `textbullet' on input line 436.

[12

] [13]
Cap\'{\i }tulo 4.
[14

]
Cap\'{\i }tulo 5.

Overfull \hbox (1.9011pt too wide) in paragraph at lines 480--481
[]\OT1/qcs/m/n/12 Manifesta[][]oes cl[]^^Pnicas: Dor ab-do-mi-nal, v[]omito, di
-arr[]eia, diminui[][]ao do ape-tite, eructa[][]ao f[]etida,
 []


Overfull \hbox (12.69765pt too wide) in paragraph at lines 483--484
[]\OT1/qcs/m/n/12 Manifesta[][]oes cl[]^^Pnicas: O ex-cesso de esfor[]o ou des-
gaste f[]^^Psico causa des[]animo, las-sid[]ao, respira[][]ao
 []

[15

]
Cap\'{\i }tulo 6.
[16

]
Cap\'{\i }tulo 7.
[17

]
Cap\'{\i }tulo 8.
[18

]
Cap\'{\i }tulo 9.

Overfull \hbox (19.2414pt too wide) in paragraph at lines 518--520
[]\OT1/qcs/m/n/12 O fluxo re-verso do Qi de-corre dos dist[]urbios nos pro-ces-
sos de as-cens[]ao e des-cens[]ao. As manifesta[][]oes
 []

[19

] [20]
Cap\'{\i }tulo 10.
[21

] [22]
Cap\'{\i }tulo 11.
[23

] [24]
Cap\'{\i }tulo 12.
(/usr/share/texlive/texmf-dist/tex/latex/ucs/data/uni-32.def
File: uni-32.def 2013/05/13 UCS: Unicode data U+2000..U+20FF
) [25

] [26]
(./etiopatogenia.bbl [27])

Package natbib Warning: Citation `bittar2014manual' undefined on input line 642
.


Package natbib Warning: There were undefined citations.

Package atveryend Info: Empty hook `BeforeClearDocument' on input line 644.
[28

]
Package atveryend Info: Empty hook `AfterLastShipout' on input line 644.
 (./etiopatogenia.aux)
Package atveryend Info: Executing hook `AtVeryEndDocument' on input line 644.
Package atveryend Info: Executing hook `AtEndAfterFileList' on input line 644.


Package rerunfilecheck Warning: File `etiopatogenia.out' has changed.
(rerunfilecheck)                Rerun to get outlines right
(rerunfilecheck)                or use package `bookmark'.

Package rerunfilecheck Info: Checksums for `etiopatogenia.out':
(rerunfilecheck)             Before: 9D4B9CA6D75AC4E38C107FA141F390B9;6420
(rerunfilecheck)             After:  A8C6B89CCC7BABEE3A465C7F90CD8C30;6364.

LaTeX Font Warning: Some font shapes were not available, defaults substituted.

Package atveryend Info: Empty hook `AtVeryVeryEnd' on input line 644.
 ) 
Here is how much of TeX's memory you used:
 7820 strings out of 492609
 112195 string characters out of 6131461
 228878 words of memory out of 5000000
 11523 multiletter control sequences out of 15000+600000
 37771 words of font info for 36 fonts, out of 8000000 for 9000
 1141 hyphenation exceptions out of 8191
 28i,15n,37p,1063b,616s stack positions out of 5000i,500n,10000p,200000b,80000s
{/usr/share/texmf/fonts/enc/dvips/tex-gyre/q-rm.enc}</usr/share/texlive/texmf
-dist/fonts/type1/public/amsfonts/cm/cmsy10.pfb></usr/share/texmf/fonts/type1/p
ublic/tex-gyre/qcsb.pfb></usr/share/texmf/fonts/type1/public/tex-gyre/qcsr.pfb>
</usr/share/texmf/fonts/type1/public/tex-gyre/qcsri.pfb>
Output written on etiopatogenia.pdf (30 pages, 174892 bytes).
PDF statistics:
 554 PDF objects out of 1000 (max. 8388607)
 511 compressed objects within 6 object streams
 119 named destinations out of 1000 (max. 500000)
 558 words of extra memory for PDF output out of 10000 (max. 10000000)

