\BOOKMARK [0][-]{chapter.1}{TEORIA DOS 8 PRINC\315PIOS}{}% 1
\BOOKMARK [1][-]{section.1.1}{S\355ndrome do Exterior e S\355ndrome do Interior}{chapter.1}% 2
\BOOKMARK [2][-]{subsection.1.1.1}{S\355ndrome do Exterior}{section.1.1}% 3
\BOOKMARK [2][-]{subsection.1.1.2}{S\355ndrome do Interior}{section.1.1}% 4
\BOOKMARK [1][-]{section.1.2}{Aspectos essenciais da distin\347\343o entre S\355ndrome do Interior e S\355ndrome do Exterior}{chapter.1}% 5
\BOOKMARK [1][-]{section.1.3}{Diferencia\347\343o entre s\355ndromes de Frio e de Calor}{chapter.1}% 6
\BOOKMARK [2][-]{subsection.1.3.1}{S\355ndrome de Frio}{section.1.3}% 7
\BOOKMARK [2][-]{subsection.1.3.2}{S\355ndrome de Calor}{section.1.3}% 8
\BOOKMARK [1][-]{section.1.4}{Aspectos essenciais da distin\347\343o entre S\355ndrome de Frio e S\355ndrome de calor}{chapter.1}% 9
\BOOKMARK [1][-]{section.1.5}{Rela\347\365es entre as s\355ndromes de Frio/Calor e Exterior/Interior}{chapter.1}% 10
\BOOKMARK [2][-]{subsection.1.5.1}{S\355ndrome de Frio do Exterior}{section.1.5}% 11
\BOOKMARK [2][-]{subsection.1.5.2}{S\355ndrome de Calor do Exterior}{section.1.5}% 12
\BOOKMARK [2][-]{subsection.1.5.3}{S\355ndrome de Frio do Interior}{section.1.5}% 13
\BOOKMARK [2][-]{subsection.1.5.4}{S\355ndrome de Calor do Interior}{section.1.5}% 14
\BOOKMARK [1][-]{section.1.6}{Distin\347\343o entre S\355ndromes de Defici\352ncia e de Excesso}{chapter.1}% 15
\BOOKMARK [2][-]{subsection.1.6.1}{S\355ndrome de Defici\352ncia}{section.1.6}% 16
\BOOKMARK [2][-]{subsection.1.6.2}{S\355ndrome de Excesso}{section.1.6}% 17
\BOOKMARK [2][-]{subsection.1.6.3}{ Aspectos essenciais da distin\347\343o entre S\355ndrome de Defici\352ncia e S\355ndrome de Excesso}{section.1.6}% 18
\BOOKMARK [2][-]{subsection.1.6.4}{Rela\347\365es entre as S\355ndromes de Defici\352ncia, Excesso, Exterior, Interior, Frio e Calor}{section.1.6}% 19
\BOOKMARK [0][-]{chapter.2}{Distin\347\343o entre S\355ndromes de acordo com Yin e Yang}{}% 20
\BOOKMARK [1][-]{section.2.1}{S\355ndrome Yin}{chapter.2}% 21
\BOOKMARK [1][-]{section.2.2}{S\355ndrome Yang}{chapter.2}% 22
\BOOKMARK [1][-]{section.2.3}{Aspectos essenciais da distin\347\343o entre S\355ndrome Yin e S\355ndrome Yang}{chapter.2}% 23
\BOOKMARK [1][-]{section.2.4}{Deple\347\343o de Yin e deple\347\343o de Yang.}{chapter.2}% 24
\BOOKMARK [0][-]{chapter.3}{DIFERENCIA\307\303O DAS S\315NDROMES}{}% 25
\BOOKMARK [1][-]{section.3.1}{S\355ndromes devido aos seis fatores patog\352nicos ex\363genos}{chapter.3}% 26
\BOOKMARK [2][-]{subsection.3.1.1}{S\355ndrome devido ao Vento}{section.3.1}% 27
\BOOKMARK [2][-]{subsection.3.1.2}{S\355ndrome devido ao Frio}{section.3.1}% 28
\BOOKMARK [2][-]{subsection.3.1.3}{S\355ndrome devido ao Calor de Ver\343o}{section.3.1}% 29
\BOOKMARK [2][-]{subsection.3.1.4}{Insola\347\343o}{section.3.1}% 30
\BOOKMARK [2][-]{subsection.3.1.5}{S\355ndrome devido \340 Umidade}{section.3.1}% 31
\BOOKMARK [2][-]{subsection.3.1.6}{S\355ndrome devido \340 Secura}{section.3.1}% 32
\BOOKMARK [2][-]{subsection.3.1.7}{S\355ndrome devido ao Fogo \(e Calor\)}{section.3.1}% 33
\BOOKMARK [0][-]{chapter.4}{S\355ndromes devido \340s sete emo\347\365es}{}% 34
\BOOKMARK [0][-]{chapter.5}{S\355ndromes devido \340 dieta impr\363pria e ao desgaste excessivo \(Estresse\)}{}% 35
\BOOKMARK [1][-]{section.5.1}{S\355ndrome devido \340 les\343o por dieta impr\363pria}{chapter.5}% 36
\BOOKMARK [1][-]{section.5.2}{S\355ndromes devido \340 les\343o por excesso de esfor\347o f\355sico e por sedentarismo}{chapter.5}% 37
\BOOKMARK [1][-]{section.5.3}{S\355ndrome devido ao enfraquecimento por excesso sexual}{chapter.5}% 38
\BOOKMARK [0][-]{chapter.6}{S\355ndrome devido ao trauma}{}% 39
\BOOKMARK [0][-]{chapter.7}{S\355ndrome devido a les\365es por incis\343o, picada ou mordida de insetos ou animais}{}% 40
\BOOKMARK [0][-]{chapter.8}{S\355ndrome devido \340 les\343o por trauma}{}% 41
\BOOKMARK [0][-]{chapter.9}{DIFERENCIA\307\303O DAS S\315NDROMES DE QI E XUE DE ACORDO COM O CONCEITO DE QI E XUE}{}% 42
\BOOKMARK [1][-]{section.9.1}{Diferencia\347\343o das s\355ndromes de Qi}{chapter.9}% 43
\BOOKMARK [2][-]{subsection.9.1.1}{Defici\352ncia de Qi}{section.9.1}% 44
\BOOKMARK [2][-]{subsection.9.1.2}{Desmoronamento do Qi}{section.9.1}% 45
\BOOKMARK [2][-]{subsection.9.1.3}{Estagna\347\343o de Qi}{section.9.1}% 46
\BOOKMARK [2][-]{subsection.9.1.4}{Fluxo Reverso do Qi}{section.9.1}% 47
\BOOKMARK [1][-]{section.9.2}{Diferencia\347\343o das s\355ndromes do Xue}{chapter.9}% 48
\BOOKMARK [2][-]{subsection.9.2.1}{Defici\352ncia de Xue}{section.9.2}% 49
\BOOKMARK [2][-]{subsection.9.2.2}{Estase de Xue}{section.9.2}% 50
\BOOKMARK [2][-]{subsection.9.2.3}{Calor no Xue}{section.9.2}% 51
\BOOKMARK [2][-]{subsection.9.2.4}{Frio no Xue}{section.9.2}% 52
\BOOKMARK [0][-]{chapter.10}{Diferencia\347\343o das s\355ndromes envolvendo Qi e Xue simultaneamente}{}% 53
\BOOKMARK [1][-]{section.10.1}{Estagna\347\343o conjunta de Qi e Xue}{chapter.10}% 54
\BOOKMARK [1][-]{section.10.2}{Estagna\347\343o de Xue por defici\352ncia de Qi}{chapter.10}% 55
\BOOKMARK [1][-]{section.10.3}{Defici\352ncia conjunta de Qi e Xue}{chapter.10}% 56
\BOOKMARK [1][-]{section.10.4}{Hemorragia por defici\352ncia de Qi}{chapter.10}% 57
\BOOKMARK [0][-]{chapter.11}{Diferencia\347\343o das s\355ndromes de acordo com Wei, Qi, Ying e Xue}{}% 58
\BOOKMARK [1][-]{section.11.1}{S\355ndrome no est\341gio Wei}{chapter.11}% 59
\BOOKMARK [1][-]{section.11.2}{S\355ndromes no est\341gio Qi}{chapter.11}% 60
\BOOKMARK [1][-]{section.11.3}{S\355ndrome no est\341gio Ying}{chapter.11}% 61
\BOOKMARK [1][-]{section.11.4}{S\355ndrome no est\341gio Xue}{chapter.11}% 62
\BOOKMARK [0][-]{chapter.12}{DIFERENCIA\307\303O DAS S\315NDROMES DE ACORDO COM A TEORIA DOS ZANG FU}{}% 63
\BOOKMARK [1][-]{section.12.1}{Diferencia\347\343o das s\355ndromes do Xin e do Xiao Chang}{chapter.12}% 64
\BOOKMARK [1][-]{section.12.2}{Diferencia\347\343o das S\355ndromes do Fei e do Da Chang}{chapter.12}% 65
\BOOKMARK [1][-]{section.12.3}{Diferencia\347\343o das s\355ndromes do Pi e do Wei}{chapter.12}% 66
\BOOKMARK [1][-]{section.12.4}{Diferencia\347\343o das s\355ndromes do Gan e do Dan}{chapter.12}% 67
\BOOKMARK [1][-]{section.12.5}{Diferencia\347\343o das s\355ndromes do Shen e do Pangguang}{chapter.12}% 68
\BOOKMARK [1][-]{section.12.6}{Diferencia\347\343o das s\355ndromes complexas dos \363rg\343os}{chapter.12}% 69
